<?xml version="1.0" encoding="UTF-8"?>
<!-- Generated by org.testng.reporters.JUnitReportReporter -->
<testsuite hostname="Thilak" failures="0" tests="1" name="xmlParameterization.PracticeTest" time="0.018" errors="0" timestamp="2023-01-09T12:53:47 IST" skipped="0">
  <testcase classname="xmlParameterization.PracticeTest" name="demoTest" time="0.018"/>
  <system-out/>
</testsuite> <!-- xmlParameterization.PracticeTest -->
